This is pdfTeX, Version 3.141592653-2.6-1.40.26 (TeX Live 2024) (preloaded format=pdflatex 2025.2.5)  5 FEB 2025 13:58
entering extended mode
 restricted \write18 enabled.
 %&-line parsing enabled.
**Exercise_02_Balint.tex
(./Exercise_02_Balint.tex
LaTeX2e <2024-11-01> patch level 2
L3 programming layer <2025-01-18>
(/Users/Sawyer/Library/TinyTeX/texmf-dist/tex/latex/base/article.cls
Document Class: article 2024/06/29 v1.4n Standard LaTeX document class
(/Users/Sawyer/Library/TinyTeX/texmf-dist/tex/latex/base/size10.clo
File: size10.clo 2024/06/29 v1.4n Standard LaTeX file (size option)
)
\c@part=\count196
\c@section=\count197
\c@subsection=\count198
\c@subsubsection=\count199
\c@paragraph=\count266
\c@subparagraph=\count267
\c@figure=\count268
\c@table=\count269
\abovecaptionskip=\skip49
\belowcaptionskip=\skip50
\bibindent=\dimen141
) (/Users/Sawyer/Library/TinyTeX/texmf-dist/tex/latex/amsmath/amsmath.sty
Package: amsmath 2024/11/05 v2.17t AMS math features
\@mathmargin=\skip51
For additional information on amsmath, use the `?' option.
(/Users/Sawyer/Library/TinyTeX/texmf-dist/tex/latex/amsmath/amstext.sty
Package: amstext 2021/08/26 v2.01 AMS text
(/Users/Sawyer/Library/TinyTeX/texmf-dist/tex/latex/amsmath/amsgen.sty
File: amsgen.sty 1999/11/30 v2.0 generic functions
\@emptytoks=\toks17
\ex@=\dimen142
)) (/Users/Sawyer/Library/TinyTeX/texmf-dist/tex/latex/amsmath/amsbsy.sty
Package: amsbsy 1999/11/29 v1.2d Bold Symbols
\pmbraise@=\dimen143
) (/Users/Sawyer/Library/TinyTeX/texmf-dist/tex/latex/amsmath/amsopn.sty
Package: amsopn 2022/04/08 v2.04 operator names
)
\inf@bad=\count270
LaTeX Info: Redefining \frac on input line 233.
\uproot@=\count271
\leftroot@=\count272
LaTeX Info: Redefining \overline on input line 398.
LaTeX Info: Redefining \colon on input line 409.
\classnum@=\count273
\DOTSCASE@=\count274
LaTeX Info: Redefining \ldots on input line 495.
LaTeX Info: Redefining \dots on input line 498.
LaTeX Info: Redefining \cdots on input line 619.
\Mathstrutbox@=\box52
\strutbox@=\box53
LaTeX Info: Redefining \big on input line 721.
LaTeX Info: Redefining \Big on input line 722.
LaTeX Info: Redefining \bigg on input line 723.
LaTeX Info: Redefining \Bigg on input line 724.
\big@size=\dimen144
LaTeX Font Info:    Redeclaring font encoding OML on input line 742.
LaTeX Font Info:    Redeclaring font encoding OMS on input line 743.
\macc@depth=\count275
LaTeX Info: Redefining \bmod on input line 904.
LaTeX Info: Redefining \pmod on input line 909.
LaTeX Info: Redefining \smash on input line 939.
LaTeX Info: Redefining \relbar on input line 969.
LaTeX Info: Redefining \Relbar on input line 970.
\c@MaxMatrixCols=\count276
\dotsspace@=\muskip17
\c@parentequation=\count277
\dspbrk@lvl=\count278
\tag@help=\toks18
\row@=\count279
\column@=\count280
\maxfields@=\count281
\andhelp@=\toks19
\eqnshift@=\dimen145
\alignsep@=\dimen146
\tagshift@=\dimen147
\tagwidth@=\dimen148
\totwidth@=\dimen149
\lineht@=\dimen150
\@envbody=\toks20
\multlinegap=\skip52
\multlinetaggap=\skip53
\mathdisplay@stack=\toks21
LaTeX Info: Redefining \[ on input line 2953.
LaTeX Info: Redefining \] on input line 2954.
) (/Users/Sawyer/Library/TinyTeX/texmf-dist/tex/latex/amsfonts/amssymb.sty
Package: amssymb 2013/01/14 v3.01 AMS font symbols
(/Users/Sawyer/Library/TinyTeX/texmf-dist/tex/latex/amsfonts/amsfonts.sty
Package: amsfonts 2013/01/14 v3.01 Basic AMSFonts support
\symAMSa=\mathgroup4
\symAMSb=\mathgroup5
LaTeX Font Info:    Redeclaring math symbol \hbar on input line 98.
LaTeX Font Info:    Overwriting math alphabet `\mathfrak' in version `bold'
(Font)                  U/euf/m/n --> U/euf/b/n on input line 106.
)) (/Users/Sawyer/Library/TinyTeX/texmf-dist/tex/latex/lm/lmodern.sty
Package: lmodern 2015/05/01 v1.6.1 Latin Modern Fonts
LaTeX Font Info:    Overwriting symbol font `operators' in version `normal'
(Font)                  OT1/cmr/m/n --> OT1/lmr/m/n on input line 22.
LaTeX Font Info:    Overwriting symbol font `letters' in version `normal'
(Font)                  OML/cmm/m/it --> OML/lmm/m/it on input line 23.
LaTeX Font Info:    Overwriting symbol font `symbols' in version `normal'
(Font)                  OMS/cmsy/m/n --> OMS/lmsy/m/n on input line 24.
LaTeX Font Info:    Overwriting symbol font `largesymbols' in version `normal'
(Font)                  OMX/cmex/m/n --> OMX/lmex/m/n on input line 25.
LaTeX Font Info:    Overwriting symbol font `operators' in version `bold'
(Font)                  OT1/cmr/bx/n --> OT1/lmr/bx/n on input line 26.
LaTeX Font Info:    Overwriting symbol font `letters' in version `bold'
(Font)                  OML/cmm/b/it --> OML/lmm/b/it on input line 27.
LaTeX Font Info:    Overwriting symbol font `symbols' in version `bold'
(Font)                  OMS/cmsy/b/n --> OMS/lmsy/b/n on input line 28.
LaTeX Font Info:    Overwriting symbol font `largesymbols' in version `bold'
(Font)                  OMX/cmex/m/n --> OMX/lmex/m/n on input line 29.
LaTeX Font Info:    Overwriting math alphabet `\mathbf' in version `normal'
(Font)                  OT1/cmr/bx/n --> OT1/lmr/bx/n on input line 31.
LaTeX Font Info:    Overwriting math alphabet `\mathsf' in version `normal'
(Font)                  OT1/cmss/m/n --> OT1/lmss/m/n on input line 32.
LaTeX Font Info:    Overwriting math alphabet `\mathit' in version `normal'
(Font)                  OT1/cmr/m/it --> OT1/lmr/m/it on input line 33.
LaTeX Font Info:    Overwriting math alphabet `\mathtt' in version `normal'
(Font)                  OT1/cmtt/m/n --> OT1/lmtt/m/n on input line 34.
LaTeX Font Info:    Overwriting math alphabet `\mathbf' in version `bold'
(Font)                  OT1/cmr/bx/n --> OT1/lmr/bx/n on input line 35.
LaTeX Font Info:    Overwriting math alphabet `\mathsf' in version `bold'
(Font)                  OT1/cmss/bx/n --> OT1/lmss/bx/n on input line 36.
LaTeX Font Info:    Overwriting math alphabet `\mathit' in version `bold'
(Font)                  OT1/cmr/bx/it --> OT1/lmr/bx/it on input line 37.
LaTeX Font Info:    Overwriting math alphabet `\mathtt' in version `bold'
(Font)                  OT1/cmtt/m/n --> OT1/lmtt/m/n on input line 38.
) (/Users/Sawyer/Library/TinyTeX/texmf-dist/tex/generic/iftex/iftex.sty
Package: iftex 2024/12/12 v1.0g TeX engine tests
) (/Users/Sawyer/Library/TinyTeX/texmf-dist/tex/latex/base/fontenc.sty
Package: fontenc 2021/04/29 v2.0v Standard LaTeX package
LaTeX Font Info:    Trying to load font information for T1+lmr on input line 116.
(/Users/Sawyer/Library/TinyTeX/texmf-dist/tex/latex/lm/t1lmr.fd
File: t1lmr.fd 2015/05/01 v1.6.1 Font defs for Latin Modern
)) (/Users/Sawyer/Library/TinyTeX/texmf-dist/tex/latex/base/inputenc.sty
Package: inputenc 2024/02/08 v1.3d Input encoding file
\inpenc@prehook=\toks22
\inpenc@posthook=\toks23
) (/Users/Sawyer/Library/TinyTeX/texmf-dist/tex/latex/base/textcomp.sty
Package: textcomp 2024/04/24 v2.1b Standard LaTeX package
) (/Users/Sawyer/Library/TinyTeX/texmf-dist/tex/latex/xcolor/xcolor.sty
Package: xcolor 2024/09/29 v3.02 LaTeX color extensions (UK)
(/Users/Sawyer/Library/TinyTeX/texmf-dist/tex/latex/graphics-cfg/color.cfg
File: color.cfg 2016/01/02 v1.6 sample color configuration
)
Package xcolor Info: Driver file: pdftex.def on input line 274.
(/Users/Sawyer/Library/TinyTeX/texmf-dist/tex/latex/graphics-def/pdftex.def
File: pdftex.def 2024/04/13 v1.2c Graphics/color driver for pdftex
) (/Users/Sawyer/Library/TinyTeX/texmf-dist/tex/latex/graphics/mathcolor.ltx)
Package xcolor Info: Model `cmy' substituted by `cmy0' on input line 1349.
Package xcolor Info: Model `hsb' substituted by `rgb' on input line 1353.
Package xcolor Info: Model `RGB' extended on input line 1365.
Package xcolor Info: Model `HTML' substituted by `rgb' on input line 1367.
Package xcolor Info: Model `Hsb' substituted by `hsb' on input line 1368.
Package xcolor Info: Model `tHsb' substituted by `hsb' on input line 1369.
Package xcolor Info: Model `HSB' substituted by `hsb' on input line 1370.
Package xcolor Info: Model `Gray' substituted by `gray' on input line 1371.
Package xcolor Info: Model `wave' substituted by `hsb' on input line 1372.
) (/Users/Sawyer/Library/TinyTeX/texmf-dist/tex/latex/geometry/geometry.sty
Package: geometry 2020/01/02 v5.9 Page Geometry
(/Users/Sawyer/Library/TinyTeX/texmf-dist/tex/latex/graphics/keyval.sty
Package: keyval 2022/05/29 v1.15 key=value parser (DPC)
\KV@toks@=\toks24
) (/Users/Sawyer/Library/TinyTeX/texmf-dist/tex/generic/iftex/ifvtex.sty
Package: ifvtex 2019/10/25 v1.7 ifvtex legacy package. Use iftex instead.
)
\Gm@cnth=\count282
\Gm@cntv=\count283
\c@Gm@tempcnt=\count284
\Gm@bindingoffset=\dimen151
\Gm@wd@mp=\dimen152
\Gm@odd@mp=\dimen153
\Gm@even@mp=\dimen154
\Gm@layoutwidth=\dimen155
\Gm@layoutheight=\dimen156
\Gm@layouthoffset=\dimen157
\Gm@layoutvoffset=\dimen158
\Gm@dimlist=\toks25
) (/Users/Sawyer/Library/TinyTeX/texmf-dist/tex/latex/fancyvrb/fancyvrb.sty
Package: fancyvrb 2024/01/20 4.5c verbatim text (tvz,hv)
\FV@CodeLineNo=\count285
\FV@InFile=\read2
\FV@TabBox=\box54
\c@FancyVerbLine=\count286
\FV@StepNumber=\count287
\FV@OutFile=\write3
) (/Users/Sawyer/Library/TinyTeX/texmf-dist/tex/latex/framed/framed.sty
Package: framed 2011/10/22 v 0.96: framed or shaded text with page breaks
\OuterFrameSep=\skip54
\fb@frw=\dimen159
\fb@frh=\dimen160
\FrameRule=\dimen161
\FrameSep=\dimen162
) (/Users/Sawyer/Library/TinyTeX/texmf-dist/tex/latex/tools/longtable.sty
Package: longtable 2024-10-27 v4.22 Multi-page Table package (DPC)
\LTleft=\skip55
\LTright=\skip56
\LTpre=\skip57
\LTpost=\skip58
\LTchunksize=\count288
\LTcapwidth=\dimen163
\LT@head=\box55
\LT@firsthead=\box56
\LT@foot=\box57
\LT@lastfoot=\box58
\LT@gbox=\box59
\LT@cols=\count289
\LT@rows=\count290
\c@LT@tables=\count291
\c@LT@chunks=\count292
\LT@p@ftn=\toks26
) (/Users/Sawyer/Library/TinyTeX/texmf-dist/tex/latex/booktabs/booktabs.sty
Package: booktabs 2020/01/12 v1.61803398 Publication quality tables
\heavyrulewidth=\dimen164
\lightrulewidth=\dimen165
\cmidrulewidth=\dimen166
\belowrulesep=\dimen167
\belowbottomsep=\dimen168
\aboverulesep=\dimen169
\abovetopsep=\dimen170
\cmidrulesep=\dimen171
\cmidrulekern=\dimen172
\defaultaddspace=\dimen173
\@cmidla=\count293
\@cmidlb=\count294
\@aboverulesep=\dimen174
\@belowrulesep=\dimen175
\@thisruleclass=\count295
\@lastruleclass=\count296
\@thisrulewidth=\dimen176
) (/Users/Sawyer/Library/TinyTeX/texmf-dist/tex/latex/tools/array.sty
Package: array 2024/10/17 v2.6g Tabular extension package (FMi)
\col@sep=\dimen177
\ar@mcellbox=\box60
\extrarowheight=\dimen178
\NC@list=\toks27
\extratabsurround=\skip59
\backup@length=\skip60
\ar@cellbox=\box61
) (/Users/Sawyer/Library/TinyTeX/texmf-dist/tex/latex/tools/calc.sty
Package: calc 2023/07/08 v4.3 Infix arithmetic (KKT,FJ)
\calc@Acount=\count297
\calc@Bcount=\count298
\calc@Adimen=\dimen179
\calc@Bdimen=\dimen180
\calc@Askip=\skip61
\calc@Bskip=\skip62
LaTeX Info: Redefining \setlength on input line 80.
LaTeX Info: Redefining \addtolength on input line 81.
\calc@Ccount=\count299
\calc@Cskip=\skip63
) (/Users/Sawyer/Library/TinyTeX/texmf-dist/tex/latex/etoolbox/etoolbox.sty
Package: etoolbox 2020/10/05 v2.5k e-TeX tools for LaTeX (JAW)
\etb@tempcnta=\count300
) (/Users/Sawyer/Library/TinyTeX/texmf-dist/tex/latex/mdwtools/footnote.sty
Package: footnote 1997/01/28 1.13 Save footnotes around boxes
\fn@notes=\box62
\fn@width=\dimen181
) (/Users/Sawyer/Library/TinyTeX/texmf-dist/tex/latex/graphics/graphicx.sty
Package: graphicx 2021/09/16 v1.2d Enhanced LaTeX Graphics (DPC,SPQR)
(/Users/Sawyer/Library/TinyTeX/texmf-dist/tex/latex/graphics/graphics.sty
Package: graphics 2024/08/06 v1.4g Standard LaTeX Graphics (DPC,SPQR)
(/Users/Sawyer/Library/TinyTeX/texmf-dist/tex/latex/graphics/trig.sty
Package: trig 2023/12/02 v1.11 sin cos tan (DPC)
) (/Users/Sawyer/Library/TinyTeX/texmf-dist/tex/latex/graphics-cfg/graphics.cfg
File: graphics.cfg 2016/06/04 v1.11 sample graphics configuration
)
Package graphics Info: Driver file: pdftex.def on input line 106.
)
\Gin@req@height=\dimen182
\Gin@req@width=\dimen183
) (/Users/Sawyer/Library/TinyTeX/texmf-dist/tex/latex/bookmark/bookmark.sty
Package: bookmark 2023-12-10 v1.31 PDF bookmarks (HO)
(/Users/Sawyer/Library/TinyTeX/texmf-dist/tex/latex/hyperref/hyperref.sty
Package: hyperref 2024-11-05 v7.01l Hypertext links for LaTeX
(/Users/Sawyer/Library/TinyTeX/texmf-dist/tex/latex/kvsetkeys/kvsetkeys.sty
Package: kvsetkeys 2022-10-05 v1.19 Key value parser (HO)
) (/Users/Sawyer/Library/TinyTeX/texmf-dist/tex/generic/kvdefinekeys/kvdefinekeys.sty
Package: kvdefinekeys 2019-12-19 v1.6 Define keys (HO)
) (/Users/Sawyer/Library/TinyTeX/texmf-dist/tex/generic/pdfescape/pdfescape.sty
Package: pdfescape 2019/12/09 v1.15 Implements pdfTeX's escape features (HO)
(/Users/Sawyer/Library/TinyTeX/texmf-dist/tex/generic/ltxcmds/ltxcmds.sty
Package: ltxcmds 2023-12-04 v1.26 LaTeX kernel commands for general use (HO)
) (/Users/Sawyer/Library/TinyTeX/texmf-dist/tex/generic/pdftexcmds/pdftexcmds.sty
Package: pdftexcmds 2020-06-27 v0.33 Utility functions of pdfTeX for LuaTeX (HO)
(/Users/Sawyer/Library/TinyTeX/texmf-dist/tex/generic/infwarerr/infwarerr.sty
Package: infwarerr 2019/12/03 v1.5 Providing info/warning/error messages (HO)
)
Package pdftexcmds Info: \pdf@primitive is available.
Package pdftexcmds Info: \pdf@ifprimitive is available.
Package pdftexcmds Info: \pdfdraftmode found.
)) (/Users/Sawyer/Library/TinyTeX/texmf-dist/tex/latex/hycolor/hycolor.sty
Package: hycolor 2020-01-27 v1.10 Color options for hyperref/bookmark (HO)
) (/Users/Sawyer/Library/TinyTeX/texmf-dist/tex/latex/hyperref/nameref.sty
Package: nameref 2023-11-26 v2.56 Cross-referencing by name of section
(/Users/Sawyer/Library/TinyTeX/texmf-dist/tex/latex/refcount/refcount.sty
Package: refcount 2019/12/15 v3.6 Data extraction from label references (HO)
) (/Users/Sawyer/Library/TinyTeX/texmf-dist/tex/generic/gettitlestring/gettitlestring.sty
Package: gettitlestring 2019/12/15 v1.6 Cleanup title references (HO)
(/Users/Sawyer/Library/TinyTeX/texmf-dist/tex/latex/kvoptions/kvoptions.sty
Package: kvoptions 2022-06-15 v3.15 Key value format for package options (HO)
))
\c@section@level=\count301
) (/Users/Sawyer/Library/TinyTeX/texmf-dist/tex/generic/stringenc/stringenc.sty
Package: stringenc 2019/11/29 v1.12 Convert strings between diff. encodings (HO)
)
\@linkdim=\dimen184
\Hy@linkcounter=\count302
\Hy@pagecounter=\count303
(/Users/Sawyer/Library/TinyTeX/texmf-dist/tex/latex/hyperref/pd1enc.def
File: pd1enc.def 2024-11-05 v7.01l Hyperref: PDFDocEncoding definition (HO)
Now handling font encoding PD1 ...
... no UTF-8 mapping file for font encoding PD1
) (/Users/Sawyer/Library/TinyTeX/texmf-dist/tex/generic/intcalc/intcalc.sty
Package: intcalc 2019/12/15 v1.3 Expandable calculations with integers (HO)
)
\Hy@SavedSpaceFactor=\count304
(/Users/Sawyer/Library/TinyTeX/texmf-dist/tex/latex/hyperref/puenc.def
File: puenc.def 2024-11-05 v7.01l Hyperref: PDF Unicode definition (HO)
Now handling font encoding PU ...
... no UTF-8 mapping file for font encoding PU
)
Package hyperref Info: Option `unicode' set `true' on input line 4040.
Package hyperref Info: Hyper figures OFF on input line 4157.
Package hyperref Info: Link nesting OFF on input line 4162.
Package hyperref Info: Hyper index ON on input line 4165.
Package hyperref Info: Plain pages OFF on input line 4172.
Package hyperref Info: Backreferencing OFF on input line 4177.
Package hyperref Info: Implicit mode ON; LaTeX internals redefined.
Package hyperref Info: Bookmarks ON on input line 4424.
\c@Hy@tempcnt=\count305
(/Users/Sawyer/Library/TinyTeX/texmf-dist/tex/latex/url/url.sty
\Urlmuskip=\muskip18
Package: url 2013/09/16  ver 3.4  Verb mode for urls, etc.
)
LaTeX Info: Redefining \url on input line 4763.
\XeTeXLinkMargin=\dimen185
(/Users/Sawyer/Library/TinyTeX/texmf-dist/tex/generic/bitset/bitset.sty
Package: bitset 2019/12/09 v1.3 Handle bit-vector datatype (HO)
(/Users/Sawyer/Library/TinyTeX/texmf-dist/tex/generic/bigintcalc/bigintcalc.sty
Package: bigintcalc 2019/12/15 v1.5 Expandable calculations on big integers (HO)
))
\Fld@menulength=\count306
\Field@Width=\dimen186
\Fld@charsize=\dimen187
Package hyperref Info: Hyper figures OFF on input line 6042.
Package hyperref Info: Link nesting OFF on input line 6047.
Package hyperref Info: Hyper index ON on input line 6050.
Package hyperref Info: backreferencing OFF on input line 6057.
Package hyperref Info: Link coloring OFF on input line 6062.
Package hyperref Info: Link coloring with OCG OFF on input line 6067.
Package hyperref Info: PDF/A mode OFF on input line 6072.
(/Users/Sawyer/Library/TinyTeX/texmf-dist/tex/latex/base/atbegshi-ltx.sty
Package: atbegshi-ltx 2021/01/10 v1.0c Emulation of the original atbegshi
package with kernel methods
)
\Hy@abspage=\count307
\c@Item=\count308
\c@Hfootnote=\count309
)
Package hyperref Info: Driver (autodetected): hpdftex.
(/Users/Sawyer/Library/TinyTeX/texmf-dist/tex/latex/hyperref/hpdftex.def
File: hpdftex.def 2024-11-05 v7.01l Hyperref driver for pdfTeX
(/Users/Sawyer/Library/TinyTeX/texmf-dist/tex/latex/base/atveryend-ltx.sty
Package: atveryend-ltx 2020/08/19 v1.0a Emulation of the original atveryend package
with kernel methods
)
\Fld@listcount=\count310
\c@bookmark@seq@number=\count311
(/Users/Sawyer/Library/TinyTeX/texmf-dist/tex/latex/rerunfilecheck/rerunfilecheck.sty
Package: rerunfilecheck 2022-07-10 v1.10 Rerun checks for auxiliary files (HO)
(/Users/Sawyer/Library/TinyTeX/texmf-dist/tex/generic/uniquecounter/uniquecounter.sty
Package: uniquecounter 2019/12/15 v1.4 Provide unlimited unique counter (HO)
)
Package uniquecounter Info: New unique counter `rerunfilecheck' on input line 285.
)
\Hy@SectionHShift=\skip64
) (/Users/Sawyer/Library/TinyTeX/texmf-dist/tex/latex/bookmark/bkm-pdftex.def
File: bkm-pdftex.def 2023-12-10 v1.31 bookmark driver for pdfTeX and luaTeX (HO)
\BKM@id=\count312
)) (/Users/Sawyer/Library/TinyTeX/texmf-dist/tex/latex/l3backend/l3backend-pdftex.def
File: l3backend-pdftex.def 2024-05-08 L3 backend support: PDF output (pdfTeX)
\l__color_backend_stack_int=\count313
\l__pdf_internal_box=\box63
) (./Exercise_02_Balint.aux)
\openout1 = `Exercise_02_Balint.aux'.

LaTeX Font Info:    Checking defaults for OML/cmm/m/it on input line 120.
LaTeX Font Info:    ... okay on input line 120.
LaTeX Font Info:    Checking defaults for OMS/cmsy/m/n on input line 120.
LaTeX Font Info:    ... okay on input line 120.
LaTeX Font Info:    Checking defaults for OT1/cmr/m/n on input line 120.
LaTeX Font Info:    ... okay on input line 120.
LaTeX Font Info:    Checking defaults for T1/cmr/m/n on input line 120.
LaTeX Font Info:    ... okay on input line 120.
LaTeX Font Info:    Checking defaults for TS1/cmr/m/n on input line 120.
LaTeX Font Info:    ... okay on input line 120.
LaTeX Font Info:    Checking defaults for OMX/cmex/m/n on input line 120.
LaTeX Font Info:    ... okay on input line 120.
LaTeX Font Info:    Checking defaults for U/cmr/m/n on input line 120.
LaTeX Font Info:    ... okay on input line 120.
LaTeX Font Info:    Checking defaults for PD1/pdf/m/n on input line 120.
LaTeX Font Info:    ... okay on input line 120.
LaTeX Font Info:    Checking defaults for PU/pdf/m/n on input line 120.
LaTeX Font Info:    ... okay on input line 120.
(/Users/Sawyer/Library/TinyTeX/texmf-dist/tex/latex/epstopdf-pkg/epstopdf-base.sty
Package: epstopdf-base 2020-01-24 v2.11 Base part for package epstopdf
Package epstopdf-base Info: Redefining graphics rule for `.eps' on input line 485.
(/Users/Sawyer/Library/TinyTeX/texmf-dist/tex/latex/latexconfig/epstopdf-sys.cfg
File: epstopdf-sys.cfg 2010/07/13 v1.3 Configuration of (r)epstopdf for TeX Live
))
*geometry* driver: auto-detecting
*geometry* detected driver: pdftex
*geometry* verbose mode - [ preamble ] result:
* driver: pdftex
* paper: <default>
* layout: <same size as paper>
* layoutoffset:(h,v)=(0.0pt,0.0pt)
* modes: 
* h-part:(L,W,R)=(72.26999pt, 469.75502pt, 72.26999pt)
* v-part:(T,H,B)=(72.26999pt, 650.43001pt, 72.26999pt)
* \paperwidth=614.295pt
* \paperheight=794.96999pt
* \textwidth=469.75502pt
* \textheight=650.43001pt
* \oddsidemargin=0.0pt
* \evensidemargin=0.0pt
* \topmargin=-37.0pt
* \headheight=12.0pt
* \headsep=25.0pt
* \topskip=10.0pt
* \footskip=30.0pt
* \marginparwidth=65.0pt
* \marginparsep=11.0pt
* \columnsep=10.0pt
* \skip\footins=9.0pt plus 4.0pt minus 2.0pt
* \hoffset=0.0pt
* \voffset=0.0pt
* \mag=1000
* \@twocolumnfalse
* \@twosidefalse
* \@mparswitchfalse
* \@reversemarginfalse
* (1in=72.27pt=25.4mm, 1cm=28.453pt)

Package hyperref Info: Link coloring OFF on input line 120.
LaTeX Font Info:    Trying to load font information for OT1+lmr on input line 122.
(/Users/Sawyer/Library/TinyTeX/texmf-dist/tex/latex/lm/ot1lmr.fd
File: ot1lmr.fd 2015/05/01 v1.6.1 Font defs for Latin Modern
)
LaTeX Font Info:    Trying to load font information for OML+lmm on input line 122.
(/Users/Sawyer/Library/TinyTeX/texmf-dist/tex/latex/lm/omllmm.fd
File: omllmm.fd 2015/05/01 v1.6.1 Font defs for Latin Modern
)
LaTeX Font Info:    Trying to load font information for OMS+lmsy on input line 122.
(/Users/Sawyer/Library/TinyTeX/texmf-dist/tex/latex/lm/omslmsy.fd
File: omslmsy.fd 2015/05/01 v1.6.1 Font defs for Latin Modern
)
LaTeX Font Info:    Trying to load font information for OMX+lmex on input line 122.
(/Users/Sawyer/Library/TinyTeX/texmf-dist/tex/latex/lm/omxlmex.fd
File: omxlmex.fd 2015/05/01 v1.6.1 Font defs for Latin Modern
)
LaTeX Font Info:    External font `lmex10' loaded for size
(Font)              <12> on input line 122.
LaTeX Font Info:    External font `lmex10' loaded for size
(Font)              <8> on input line 122.
LaTeX Font Info:    External font `lmex10' loaded for size
(Font)              <6> on input line 122.
LaTeX Font Info:    Trying to load font information for U+msa on input line 122.
(/Users/Sawyer/Library/TinyTeX/texmf-dist/tex/latex/amsfonts/umsa.fd
File: umsa.fd 2013/01/14 v3.01 AMS symbols A
)
LaTeX Font Info:    Trying to load font information for U+msb on input line 122.
(/Users/Sawyer/Library/TinyTeX/texmf-dist/tex/latex/amsfonts/umsb.fd
File: umsb.fd 2013/01/14 v3.01 AMS symbols B
) (./Exercise_02_Balint.toc
LaTeX Font Info:    External font `lmex10' loaded for size
(Font)              <10> on input line 2.
LaTeX Font Info:    External font `lmex10' loaded for size
(Font)              <7> on input line 2.
LaTeX Font Info:    External font `lmex10' loaded for size
(Font)              <5> on input line 2.
)
\tf@toc=\write4
\openout4 = `Exercise_02_Balint.toc'.

LaTeX Font Info:    Trying to load font information for T1+lmtt on input line 138.
(/Users/Sawyer/Library/TinyTeX/texmf-dist/tex/latex/lm/t1lmtt.fd
File: t1lmtt.fd 2015/05/01 v1.6.1 Font defs for Latin Modern
)
LaTeX Font Info:    Trying to load font information for TS1+lmtt on input line 144.
(/Users/Sawyer/Library/TinyTeX/texmf-dist/tex/latex/lm/ts1lmtt.fd
File: ts1lmtt.fd 2015/05/01 v1.6.1 Font defs for Latin Modern
)
<Exercise_02_Balint_files/figure-latex/unnamed-chunk-1-1.pdf, id=14, 469.755pt x 325.215pt>
File: Exercise_02_Balint_files/figure-latex/unnamed-chunk-1-1.pdf Graphic file (type pdf)
<use Exercise_02_Balint_files/figure-latex/unnamed-chunk-1-1.pdf>
Package pdftex.def Info: Exercise_02_Balint_files/figure-latex/unnamed-chunk-1-1.pdf  used on input line 150.
(pdftex.def)             Requested size: 469.75386pt x 325.2142pt.


[1

{/Users/Sawyer/Library/TinyTeX/texmf-var/fonts/map/pdftex/updmap/pdftex.map}{/Users/Sawyer/Library/TinyTeX/texmf-dist/fonts/enc/dvips/lm/lm-ec.enc}{/Users/Sawyer/Library/TinyTeX/texmf-dist/fonts/enc/dvips/lm/lm-ts1.enc}]
<Exercise_02_Balint_files/figure-latex/unnamed-chunk-1-2.pdf, id=42, 469.755pt x 325.215pt>
File: Exercise_02_Balint_files/figure-latex/unnamed-chunk-1-2.pdf Graphic file (type pdf)
<use Exercise_02_Balint_files/figure-latex/unnamed-chunk-1-2.pdf>
Package pdftex.def Info: Exercise_02_Balint_files/figure-latex/unnamed-chunk-1-2.pdf  used on input line 160.
(pdftex.def)             Requested size: 469.75386pt x 325.2142pt.


[2 <./Exercise_02_Balint_files/figure-latex/unnamed-chunk-1-1.pdf>]
<Exercise_02_Balint_files/figure-latex/unnamed-chunk-1-3.pdf, id=52, 469.755pt x 325.215pt>
File: Exercise_02_Balint_files/figure-latex/unnamed-chunk-1-3.pdf Graphic file (type pdf)
<use Exercise_02_Balint_files/figure-latex/unnamed-chunk-1-3.pdf>
Package pdftex.def Info: Exercise_02_Balint_files/figure-latex/unnamed-chunk-1-3.pdf  used on input line 170.
(pdftex.def)             Requested size: 469.75386pt x 325.2142pt.


[3 <./Exercise_02_Balint_files/figure-latex/unnamed-chunk-1-2.pdf>]
<Exercise_02_Balint_files/figure-latex/unnamed-chunk-1-4.pdf, id=62, 469.755pt x 325.215pt>
File: Exercise_02_Balint_files/figure-latex/unnamed-chunk-1-4.pdf Graphic file (type pdf)
<use Exercise_02_Balint_files/figure-latex/unnamed-chunk-1-4.pdf>
Package pdftex.def Info: Exercise_02_Balint_files/figure-latex/unnamed-chunk-1-4.pdf  used on input line 179.
(pdftex.def)             Requested size: 469.75386pt x 325.2142pt.


[4 <./Exercise_02_Balint_files/figure-latex/unnamed-chunk-1-3.pdf>]

[5{/Users/Sawyer/Library/TinyTeX/texmf-dist/fonts/enc/dvips/lm/lm-mathit.enc}{/Users/Sawyer/Library/TinyTeX/texmf-dist/fonts/enc/dvips/lm/lm-rm.enc}{/Users/Sawyer/Library/TinyTeX/texmf-dist/fonts/enc/dvips/lm/lm-mathsy.enc} <./Exercise_02_Balint_files/figure-latex/unnamed-chunk-1-4.pdf>]
<Exercise_02_Balint_files/figure-latex/unnamed-chunk-2-1.pdf, id=89, 469.755pt x 325.215pt>
File: Exercise_02_Balint_files/figure-latex/unnamed-chunk-2-1.pdf Graphic file (type pdf)
<use Exercise_02_Balint_files/figure-latex/unnamed-chunk-2-1.pdf>
Package pdftex.def Info: Exercise_02_Balint_files/figure-latex/unnamed-chunk-2-1.pdf  used on input line 211.
(pdftex.def)             Requested size: 469.75386pt x 325.2142pt.
LaTeX Font Info:    Font shape `T1/lmtt/bx/n' in size <10> not available
(Font)              Font shape `T1/lmtt/b/n' tried instead on input line 215.

LaTeX Font Warning: Font shape `T1/lmtt/bx/it' in size <10> not available
(Font)              Font shape `T1/lmtt/b/sl' tried instead on input line 215.

<Exercise_02_Balint_files/figure-latex/unnamed-chunk-2-2.pdf, id=90, 469.755pt x 325.215pt>
File: Exercise_02_Balint_files/figure-latex/unnamed-chunk-2-2.pdf Graphic file (type pdf)
<use Exercise_02_Balint_files/figure-latex/unnamed-chunk-2-2.pdf>
Package pdftex.def Info: Exercise_02_Balint_files/figure-latex/unnamed-chunk-2-2.pdf  used on input line 226.
(pdftex.def)             Requested size: 469.75386pt x 325.2142pt.


[6 <./Exercise_02_Balint_files/figure-latex/unnamed-chunk-2-1.pdf>]
<Exercise_02_Balint_files/figure-latex/unnamed-chunk-2-3.pdf, id=101, 469.755pt x 325.215pt>
File: Exercise_02_Balint_files/figure-latex/unnamed-chunk-2-3.pdf Graphic file (type pdf)
<use Exercise_02_Balint_files/figure-latex/unnamed-chunk-2-3.pdf>
Package pdftex.def Info: Exercise_02_Balint_files/figure-latex/unnamed-chunk-2-3.pdf  used on input line 236.
(pdftex.def)             Requested size: 469.75386pt x 325.2142pt.


[7 <./Exercise_02_Balint_files/figure-latex/unnamed-chunk-2-2.pdf>]
<Exercise_02_Balint_files/figure-latex/unnamed-chunk-2-4.pdf, id=112, 469.755pt x 325.215pt>
File: Exercise_02_Balint_files/figure-latex/unnamed-chunk-2-4.pdf Graphic file (type pdf)
<use Exercise_02_Balint_files/figure-latex/unnamed-chunk-2-4.pdf>
Package pdftex.def Info: Exercise_02_Balint_files/figure-latex/unnamed-chunk-2-4.pdf  used on input line 246.
(pdftex.def)             Requested size: 469.75386pt x 325.2142pt.


[8 <./Exercise_02_Balint_files/figure-latex/unnamed-chunk-2-3.pdf>]

[9 <./Exercise_02_Balint_files/figure-latex/unnamed-chunk-2-4.pdf>]

Package amsmath Warning: Foreign command \over;
(amsmath)                \frac or \genfrac should be used instead
(amsmath)                 on input line 323.

<Exercise_02_Balint_files/figure-latex/unnamed-chunk-5-1.pdf, id=133, 469.755pt x 325.215pt>
File: Exercise_02_Balint_files/figure-latex/unnamed-chunk-5-1.pdf Graphic file (type pdf)
<use Exercise_02_Balint_files/figure-latex/unnamed-chunk-5-1.pdf>
Package pdftex.def Info: Exercise_02_Balint_files/figure-latex/unnamed-chunk-5-1.pdf  used on input line 338.
(pdftex.def)             Requested size: 469.75386pt x 325.2142pt.


[10]
<Exercise_02_Balint_files/figure-latex/unnamed-chunk-5-2.pdf, id=140, 469.755pt x 325.215pt>
File: Exercise_02_Balint_files/figure-latex/unnamed-chunk-5-2.pdf Graphic file (type pdf)
<use Exercise_02_Balint_files/figure-latex/unnamed-chunk-5-2.pdf>
Package pdftex.def Info: Exercise_02_Balint_files/figure-latex/unnamed-chunk-5-2.pdf  used on input line 353.
(pdftex.def)             Requested size: 469.75386pt x 325.2142pt.


[11 <./Exercise_02_Balint_files/figure-latex/unnamed-chunk-5-1.pdf>]
<Exercise_02_Balint_files/figure-latex/unnamed-chunk-5-3.pdf, id=151, 469.755pt x 325.215pt>
File: Exercise_02_Balint_files/figure-latex/unnamed-chunk-5-3.pdf Graphic file (type pdf)
<use Exercise_02_Balint_files/figure-latex/unnamed-chunk-5-3.pdf>
Package pdftex.def Info: Exercise_02_Balint_files/figure-latex/unnamed-chunk-5-3.pdf  used on input line 369.
(pdftex.def)             Requested size: 469.75386pt x 325.2142pt.


[12 <./Exercise_02_Balint_files/figure-latex/unnamed-chunk-5-2.pdf>]
<Exercise_02_Balint_files/figure-latex/unnamed-chunk-5-4.pdf, id=163, 469.755pt x 325.215pt>
File: Exercise_02_Balint_files/figure-latex/unnamed-chunk-5-4.pdf Graphic file (type pdf)
<use Exercise_02_Balint_files/figure-latex/unnamed-chunk-5-4.pdf>
Package pdftex.def Info: Exercise_02_Balint_files/figure-latex/unnamed-chunk-5-4.pdf  used on input line 379.
(pdftex.def)             Requested size: 469.75386pt x 325.2142pt.


[13 <./Exercise_02_Balint_files/figure-latex/unnamed-chunk-5-3.pdf>]

[14 <./Exercise_02_Balint_files/figure-latex/unnamed-chunk-5-4.pdf>]
<Exercise_02_Balint_files/figure-latex/unnamed-chunk-7-1.pdf, id=186, 469.755pt x 325.215pt>
File: Exercise_02_Balint_files/figure-latex/unnamed-chunk-7-1.pdf Graphic file (type pdf)
<use Exercise_02_Balint_files/figure-latex/unnamed-chunk-7-1.pdf>
Package pdftex.def Info: Exercise_02_Balint_files/figure-latex/unnamed-chunk-7-1.pdf  used on input line 441.
(pdftex.def)             Requested size: 469.75386pt x 325.2142pt.


[15 <./Exercise_02_Balint_files/figure-latex/unnamed-chunk-7-1.pdf>]
<Exercise_02_Balint_files/figure-latex/unnamed-chunk-7-2.pdf, id=197, 469.755pt x 325.215pt>
File: Exercise_02_Balint_files/figure-latex/unnamed-chunk-7-2.pdf Graphic file (type pdf)
<use Exercise_02_Balint_files/figure-latex/unnamed-chunk-7-2.pdf>
Package pdftex.def Info: Exercise_02_Balint_files/figure-latex/unnamed-chunk-7-2.pdf  used on input line 451.
(pdftex.def)             Requested size: 469.75386pt x 325.2142pt.
<Exercise_02_Balint_files/figure-latex/unnamed-chunk-7-3.pdf, id=198, 469.755pt x 325.215pt>
File: Exercise_02_Balint_files/figure-latex/unnamed-chunk-7-3.pdf Graphic file (type pdf)
<use Exercise_02_Balint_files/figure-latex/unnamed-chunk-7-3.pdf>
Package pdftex.def Info: Exercise_02_Balint_files/figure-latex/unnamed-chunk-7-3.pdf  used on input line 461.
(pdftex.def)             Requested size: 469.75386pt x 325.2142pt.


[16 <./Exercise_02_Balint_files/figure-latex/unnamed-chunk-7-2.pdf>]
<Exercise_02_Balint_files/figure-latex/unnamed-chunk-7-4.pdf, id=209, 469.755pt x 325.215pt>
File: Exercise_02_Balint_files/figure-latex/unnamed-chunk-7-4.pdf Graphic file (type pdf)
<use Exercise_02_Balint_files/figure-latex/unnamed-chunk-7-4.pdf>
Package pdftex.def Info: Exercise_02_Balint_files/figure-latex/unnamed-chunk-7-4.pdf  used on input line 470.
(pdftex.def)             Requested size: 469.75386pt x 325.2142pt.


[17 <./Exercise_02_Balint_files/figure-latex/unnamed-chunk-7-3.pdf>]
<Exercise_02_Balint_files/figure-latex/unnamed-chunk-8-1.pdf, id=219, 469.755pt x 325.215pt>
File: Exercise_02_Balint_files/figure-latex/unnamed-chunk-8-1.pdf Graphic file (type pdf)
<use Exercise_02_Balint_files/figure-latex/unnamed-chunk-8-1.pdf>
Package pdftex.def Info: Exercise_02_Balint_files/figure-latex/unnamed-chunk-8-1.pdf  used on input line 496.
(pdftex.def)             Requested size: 469.75386pt x 325.2142pt.


[18 <./Exercise_02_Balint_files/figure-latex/unnamed-chunk-7-4.pdf>]
<Exercise_02_Balint_files/figure-latex/unnamed-chunk-8-2.pdf, id=230, 469.755pt x 325.215pt>
File: Exercise_02_Balint_files/figure-latex/unnamed-chunk-8-2.pdf Graphic file (type pdf)
<use Exercise_02_Balint_files/figure-latex/unnamed-chunk-8-2.pdf>
Package pdftex.def Info: Exercise_02_Balint_files/figure-latex/unnamed-chunk-8-2.pdf  used on input line 509.
(pdftex.def)             Requested size: 469.75386pt x 325.2142pt.


[19 <./Exercise_02_Balint_files/figure-latex/unnamed-chunk-8-1.pdf>]
<Exercise_02_Balint_files/figure-latex/unnamed-chunk-8-3.pdf, id=241, 469.755pt x 325.215pt>
File: Exercise_02_Balint_files/figure-latex/unnamed-chunk-8-3.pdf Graphic file (type pdf)
<use Exercise_02_Balint_files/figure-latex/unnamed-chunk-8-3.pdf>
Package pdftex.def Info: Exercise_02_Balint_files/figure-latex/unnamed-chunk-8-3.pdf  used on input line 525.
(pdftex.def)             Requested size: 469.75386pt x 325.2142pt.


[20 <./Exercise_02_Balint_files/figure-latex/unnamed-chunk-8-2.pdf>]
<Exercise_02_Balint_files/figure-latex/unnamed-chunk-8-4.pdf, id=251, 469.755pt x 325.215pt>
File: Exercise_02_Balint_files/figure-latex/unnamed-chunk-8-4.pdf Graphic file (type pdf)
<use Exercise_02_Balint_files/figure-latex/unnamed-chunk-8-4.pdf>
Package pdftex.def Info: Exercise_02_Balint_files/figure-latex/unnamed-chunk-8-4.pdf  used on input line 562.
(pdftex.def)             Requested size: 469.75386pt x 325.2142pt.


[21 <./Exercise_02_Balint_files/figure-latex/unnamed-chunk-8-3.pdf>]

[22 <./Exercise_02_Balint_files/figure-latex/unnamed-chunk-8-4.pdf>]
<Exercise_02_Balint_files/figure-latex/unnamed-chunk-10-1.pdf, id=270, 469.755pt x 325.215pt>
File: Exercise_02_Balint_files/figure-latex/unnamed-chunk-10-1.pdf Graphic file (type pdf)
<use Exercise_02_Balint_files/figure-latex/unnamed-chunk-10-1.pdf>
Package pdftex.def Info: Exercise_02_Balint_files/figure-latex/unnamed-chunk-10-1.pdf  used on input line 642.
(pdftex.def)             Requested size: 469.75386pt x 325.2142pt.


[23 <./Exercise_02_Balint_files/figure-latex/unnamed-chunk-10-1.pdf>]
<Exercise_02_Balint_files/figure-latex/unnamed-chunk-10-2.pdf, id=282, 469.755pt x 325.215pt>
File: Exercise_02_Balint_files/figure-latex/unnamed-chunk-10-2.pdf Graphic file (type pdf)
<use Exercise_02_Balint_files/figure-latex/unnamed-chunk-10-2.pdf>
Package pdftex.def Info: Exercise_02_Balint_files/figure-latex/unnamed-chunk-10-2.pdf  used on input line 658.
(pdftex.def)             Requested size: 469.75386pt x 325.2142pt.
<Exercise_02_Balint_files/figure-latex/unnamed-chunk-10-3.pdf, id=283, 469.755pt x 325.215pt>
File: Exercise_02_Balint_files/figure-latex/unnamed-chunk-10-3.pdf Graphic file (type pdf)
<use Exercise_02_Balint_files/figure-latex/unnamed-chunk-10-3.pdf>
Package pdftex.def Info: Exercise_02_Balint_files/figure-latex/unnamed-chunk-10-3.pdf  used on input line 671.
(pdftex.def)             Requested size: 469.75386pt x 325.2142pt.


[24 <./Exercise_02_Balint_files/figure-latex/unnamed-chunk-10-2.pdf>]
<Exercise_02_Balint_files/figure-latex/unnamed-chunk-10-4.pdf, id=293, 469.755pt x 325.215pt>
File: Exercise_02_Balint_files/figure-latex/unnamed-chunk-10-4.pdf Graphic file (type pdf)
<use Exercise_02_Balint_files/figure-latex/unnamed-chunk-10-4.pdf>
Package pdftex.def Info: Exercise_02_Balint_files/figure-latex/unnamed-chunk-10-4.pdf  used on input line 684.
(pdftex.def)             Requested size: 469.75386pt x 325.2142pt.


[25 <./Exercise_02_Balint_files/figure-latex/unnamed-chunk-10-3.pdf>]

[26 <./Exercise_02_Balint_files/figure-latex/unnamed-chunk-10-4.pdf>]
<Exercise_02_Balint_files/figure-latex/unnamed-chunk-11-1.pdf, id=315, 469.755pt x 325.215pt>
File: Exercise_02_Balint_files/figure-latex/unnamed-chunk-11-1.pdf Graphic file (type pdf)
<use Exercise_02_Balint_files/figure-latex/unnamed-chunk-11-1.pdf>
Package pdftex.def Info: Exercise_02_Balint_files/figure-latex/unnamed-chunk-11-1.pdf  used on input line 718.
(pdftex.def)             Requested size: 469.75386pt x 325.2142pt.
<Exercise_02_Balint_files/figure-latex/unnamed-chunk-12-1.pdf, id=316, 469.755pt x 325.215pt>
File: Exercise_02_Balint_files/figure-latex/unnamed-chunk-12-1.pdf Graphic file (type pdf)
<use Exercise_02_Balint_files/figure-latex/unnamed-chunk-12-1.pdf>
Package pdftex.def Info: Exercise_02_Balint_files/figure-latex/unnamed-chunk-12-1.pdf  used on input line 739.
(pdftex.def)             Requested size: 469.75386pt x 325.2142pt.


[27 <./Exercise_02_Balint_files/figure-latex/unnamed-chunk-11-1.pdf>]
<Exercise_02_Balint_files/figure-latex/unnamed-chunk-12-2.pdf, id=327, 469.755pt x 325.215pt>
File: Exercise_02_Balint_files/figure-latex/unnamed-chunk-12-2.pdf Graphic file (type pdf)
<use Exercise_02_Balint_files/figure-latex/unnamed-chunk-12-2.pdf>
Package pdftex.def Info: Exercise_02_Balint_files/figure-latex/unnamed-chunk-12-2.pdf  used on input line 751.
(pdftex.def)             Requested size: 469.75386pt x 325.2142pt.


[28 <./Exercise_02_Balint_files/figure-latex/unnamed-chunk-12-1.pdf>]
<Exercise_02_Balint_files/figure-latex/unnamed-chunk-12-3.pdf, id=337, 469.755pt x 325.215pt>
File: Exercise_02_Balint_files/figure-latex/unnamed-chunk-12-3.pdf Graphic file (type pdf)
<use Exercise_02_Balint_files/figure-latex/unnamed-chunk-12-3.pdf>
Package pdftex.def Info: Exercise_02_Balint_files/figure-latex/unnamed-chunk-12-3.pdf  used on input line 762.
(pdftex.def)             Requested size: 469.75386pt x 325.2142pt.


[29 <./Exercise_02_Balint_files/figure-latex/unnamed-chunk-12-2.pdf>]

[30 <./Exercise_02_Balint_files/figure-latex/unnamed-chunk-12-3.pdf>]
<Exercise_02_Balint_files/figure-latex/unnamed-chunk-13-1.pdf, id=356, 469.755pt x 325.215pt>
File: Exercise_02_Balint_files/figure-latex/unnamed-chunk-13-1.pdf Graphic file (type pdf)
<use Exercise_02_Balint_files/figure-latex/unnamed-chunk-13-1.pdf>
Package pdftex.def Info: Exercise_02_Balint_files/figure-latex/unnamed-chunk-13-1.pdf  used on input line 808.
(pdftex.def)             Requested size: 469.75386pt x 325.2142pt.


[31 <./Exercise_02_Balint_files/figure-latex/unnamed-chunk-13-1.pdf>]
<Exercise_02_Balint_files/figure-latex/unnamed-chunk-14-1.pdf, id=367, 469.755pt x 325.215pt>
File: Exercise_02_Balint_files/figure-latex/unnamed-chunk-14-1.pdf Graphic file (type pdf)
<use Exercise_02_Balint_files/figure-latex/unnamed-chunk-14-1.pdf>
Package pdftex.def Info: Exercise_02_Balint_files/figure-latex/unnamed-chunk-14-1.pdf  used on input line 843.
(pdftex.def)             Requested size: 469.75386pt x 325.2142pt.


[32]
<Exercise_02_Balint_files/figure-latex/unnamed-chunk-14-2.pdf, id=373, 469.755pt x 325.215pt>
File: Exercise_02_Balint_files/figure-latex/unnamed-chunk-14-2.pdf Graphic file (type pdf)
<use Exercise_02_Balint_files/figure-latex/unnamed-chunk-14-2.pdf>
Package pdftex.def Info: Exercise_02_Balint_files/figure-latex/unnamed-chunk-14-2.pdf  used on input line 856.
(pdftex.def)             Requested size: 469.75386pt x 325.2142pt.


[33 <./Exercise_02_Balint_files/figure-latex/unnamed-chunk-14-1.pdf>]
<Exercise_02_Balint_files/figure-latex/unnamed-chunk-14-3.pdf, id=384, 469.755pt x 325.215pt>
File: Exercise_02_Balint_files/figure-latex/unnamed-chunk-14-3.pdf Graphic file (type pdf)
<use Exercise_02_Balint_files/figure-latex/unnamed-chunk-14-3.pdf>
Package pdftex.def Info: Exercise_02_Balint_files/figure-latex/unnamed-chunk-14-3.pdf  used on input line 872.
(pdftex.def)             Requested size: 469.75386pt x 325.2142pt.


[34 <./Exercise_02_Balint_files/figure-latex/unnamed-chunk-14-2.pdf>]
<Exercise_02_Balint_files/figure-latex/unnamed-chunk-14-4.pdf, id=395, 469.755pt x 325.215pt>
File: Exercise_02_Balint_files/figure-latex/unnamed-chunk-14-4.pdf Graphic file (type pdf)
<use Exercise_02_Balint_files/figure-latex/unnamed-chunk-14-4.pdf>
Package pdftex.def Info: Exercise_02_Balint_files/figure-latex/unnamed-chunk-14-4.pdf  used on input line 886.
(pdftex.def)             Requested size: 469.75386pt x 325.2142pt.


[35 <./Exercise_02_Balint_files/figure-latex/unnamed-chunk-14-3.pdf>]

[36 <./Exercise_02_Balint_files/figure-latex/unnamed-chunk-14-4.pdf>]

[37] (./Exercise_02_Balint.aux)
 ***********
LaTeX2e <2024-11-01> patch level 2
L3 programming layer <2025-01-18>
 ***********
 ) 
Here is how much of TeX's memory you used:
 12290 strings out of 475172
 201318 string characters out of 5765190
 588753 words of memory out of 5000000
 35029 multiletter control sequences out of 15000+600000
 610273 words of font info for 81 fonts, out of 8000000 for 9000
 14 hyphenation exceptions out of 8191
 89i,6n,93p,947b,513s stack positions out of 10000i,1000n,20000p,200000b,200000s
</Users/Sawyer/Library/TinyTeX/texmf-dist/fonts/type1/public/lm/lmbx10.pfb></Users/Sawyer/Library/TinyTeX/texmf-dist/fonts/type1/public/lm/lmbx12.pfb></Users/Sawyer/Library/TinyTeX/texmf-dist/fonts/type1/public/lm/lmmi10.pfb></Users/Sawyer/Library/TinyTeX/texmf-dist/fonts/type1/public/lm/lmmi7.pfb></Users/Sawyer/Library/TinyTeX/texmf-dist/fonts/type1/public/lm/lmr10.pfb></Users/Sawyer/Library/TinyTeX/texmf-dist/fonts/type1/public/lm/lmr12.pfb></Users/Sawyer/Library/TinyTeX/texmf-dist/fonts/type1/public/lm/lmr17.pfb></Users/Sawyer/Library/TinyTeX/texmf-dist/fonts/type1/public/lm/lmr5.pfb></Users/Sawyer/Library/TinyTeX/texmf-dist/fonts/type1/public/lm/lmr7.pfb></Users/Sawyer/Library/TinyTeX/texmf-dist/fonts/type1/public/lm/lmri10.pfb></Users/Sawyer/Library/TinyTeX/texmf-dist/fonts/type1/public/lm/lmsy10.pfb></Users/Sawyer/Library/TinyTeX/texmf-dist/fonts/type1/public/lm/lmsy7.pfb></Users/Sawyer/Library/TinyTeX/texmf-dist/fonts/type1/public/lm/lmtk10.pfb></Users/Sawyer/Library/TinyTeX/texmf-dist/fonts/type1/public/lm/lmtko10.pfb></Users/Sawyer/Library/TinyTeX/texmf-dist/fonts/type1/public/lm/lmtt10.pfb></Users/Sawyer/Library/TinyTeX/texmf-dist/fonts/type1/public/lm/lmtti10.pfb>
Output written on Exercise_02_Balint.pdf (37 pages, 764037 bytes).
PDF statistics:
 548 PDF objects out of 1000 (max. 8388607)
 403 compressed objects within 5 object streams
 59 named destinations out of 1000 (max. 500000)
 246 words of extra memory for PDF output out of 10000 (max. 10000000)

